d:\csuljjproject\src\grabscreen\x64\debug\vc141.pdb
d:\csuljjproject\src\grabscreen\x64\debug\main.obj
d:\csuljjproject\src\grabscreen\x64\debug\grabscreen.obj
d:\csuljjproject\src\grabscreen\x64\debug\moc_grabscreen.obj
d:\csuljjproject\src\grabscreen\x64\debug\moc_choseframe.obj
d:\csuljjproject\src\grabscreen\x64\debug\choseframe.obj
d:\csuljjproject\src\grabscreen\x64\debug\qrc_grabscreen.obj
d:\csuljjproject\src\grabscreen\generatedfiles\ui_grabscreen.h
d:\csuljjproject\src\grabscreen\generatedfiles\qrc_grabscreen.cpp
d:\csuljjproject\src\grabscreen\generatedfiles\debug\moc_choseframe.cpp
d:\csuljjproject\src\grabscreen\generatedfiles\debug\moc_grabscreen.cpp
d:\csuljjproject\src\grabscreen\x64\debug\vcpkg.applocal.log
d:\csuljjproject\src\grabscreen\x64\debug\grabscreen.ilk
d:\csuljjproject\src\grabscreen\x64\debug\grabscreen.pdb
d:\csuljjproject\src\grabscreen\x64\debug\grabscreen.tlog\cl.command.1.tlog
d:\csuljjproject\src\grabscreen\x64\debug\grabscreen.tlog\cl.read.1.tlog
d:\csuljjproject\src\grabscreen\x64\debug\grabscreen.tlog\cl.write.1.tlog
d:\csuljjproject\src\grabscreen\x64\debug\grabscreen.tlog\custombuild.command.1.tlog
d:\csuljjproject\src\grabscreen\x64\debug\grabscreen.tlog\custombuild.read.1.tlog
d:\csuljjproject\src\grabscreen\x64\debug\grabscreen.tlog\custombuild.write.1.tlog
d:\csuljjproject\src\grabscreen\x64\debug\grabscreen.tlog\grabscreen.write.1u.tlog
d:\csuljjproject\src\grabscreen\x64\debug\grabscreen.tlog\link.command.1.tlog
d:\csuljjproject\src\grabscreen\x64\debug\grabscreen.tlog\link.read.1.tlog
d:\csuljjproject\src\grabscreen\x64\debug\grabscreen.tlog\link.write.1.tlog
